<?xml version="1.0" encoding="UTF-8"?>
<!-- Generated by org.testng.reporters.JUnitReportReporter -->
<testsuite hostname="shariq" failures="0" tests="1" name="com.scrm.loginTest.LoginTest" time="1.224" errors="0" timestamp="2024-10-25T12:43:53 IST" skipped="0">
  <testcase classname="com.scrm.loginTest.LoginTest" name="login" time="1.224"/>
  <system-out/>
</testsuite> <!-- com.scrm.loginTest.LoginTest -->
